app/build/intermediates/manifest_merge_blame_file/debug/manifest-merger-blame-debug-report.txt
1<?xml version="1.0" encoding="utf-8"?>
2<manifest xmlns:android="http://schemas.android.com/apk/res/android"
3    package="com.toco.ai"
4    android:versionCode="1"
5    android:versionName="0.1.0" >
6
7    <uses-sdk
8        android:minSdkVersion="24"
9        android:targetSdkVersion="34" />
10
11    <uses-permission android:name="android.permission.INTERNET" />
11-->src/main/AndroidManifest.xml:4:5-67
11-->src/main/AndroidManifest.xml:4:22-64
12    <uses-permission android:name="android.permission.CALL_PHONE" />
12-->src/main/AndroidManifest.xml:5:5-69
12-->src/main/AndroidManifest.xml:5:22-66
13    <uses-permission android:name="android.permission.RECORD_AUDIO" />
13-->src/main/AndroidManifest.xml:6:5-71
13-->src/main/AndroidManifest.xml:6:22-68
14
15    <!--
16        Declared because the TOCO Access screen exists to let the user grant
17        these deliberately. None is requested at startup and none is requested
18        without the user tapping the matching card.
19    -->
20    <uses-permission android:name="android.permission.CAMERA" />
20-->src/main/AndroidManifest.xml:13:5-65
20-->src/main/AndroidManifest.xml:13:22-62
21    <uses-permission android:name="android.permission.ACCESS_COARSE_LOCATION" />
21-->src/main/AndroidManifest.xml:14:5-81
21-->src/main/AndroidManifest.xml:14:22-78
22    <uses-permission android:name="android.permission.READ_CONTACTS" />
22-->src/main/AndroidManifest.xml:15:5-72
22-->src/main/AndroidManifest.xml:15:22-69
23    <uses-permission android:name="android.permission.READ_CALENDAR" />
23-->src/main/AndroidManifest.xml:16:5-72
23-->src/main/AndroidManifest.xml:16:22-69
24    <uses-permission android:name="android.permission.POST_NOTIFICATIONS" />
24-->src/main/AndroidManifest.xml:17:5-77
24-->src/main/AndroidManifest.xml:17:22-74
25    <uses-permission android:name="android.permission.BLUETOOTH_CONNECT" />
25-->src/main/AndroidManifest.xml:18:5-76
25-->src/main/AndroidManifest.xml:18:22-73
26    <uses-permission android:name="android.permission.VIBRATE" />
26-->src/main/AndroidManifest.xml:19:5-66
26-->src/main/AndroidManifest.xml:19:22-63
27
28    <!-- Flashlight via CameraManager.setTorchMode needs no permission. -->
29    <uses-feature
29-->src/main/AndroidManifest.xml:22:5-91
30        android:name="android.hardware.camera.flash"
30-->src/main/AndroidManifest.xml:22:19-63
31        android:required="false" />
31-->src/main/AndroidManifest.xml:22:64-88
32    <uses-feature
32-->src/main/AndroidManifest.xml:23:5-85
33        android:name="android.hardware.camera"
33-->src/main/AndroidManifest.xml:23:19-57
34        android:required="false" />
34-->src/main/AndroidManifest.xml:23:58-82
35
36    <!--
37        Android 11+ package visibility.
38        Declaring the launcher intent lets TOCO list and open installed apps
39        WITHOUT the restricted QUERY_ALL_PACKAGES permission.
40    -->
41    <queries>
41-->src/main/AndroidManifest.xml:30:5-43:15
42        <intent>
42-->src/main/AndroidManifest.xml:31:9-34:18
43            <action android:name="android.intent.action.MAIN" />
43-->src/main/AndroidManifest.xml:32:13-65
43-->src/main/AndroidManifest.xml:32:21-62
44
45            <category android:name="android.intent.category.LAUNCHER" />
45-->src/main/AndroidManifest.xml:33:13-73
45-->src/main/AndroidManifest.xml:33:23-70
46        </intent>
47        <intent>
47-->src/main/AndroidManifest.xml:35:9-37:18
48            <action android:name="android.speech.RecognitionService" />
48-->src/main/AndroidManifest.xml:36:13-72
48-->src/main/AndroidManifest.xml:36:21-69
49        </intent>
50        <intent>
50-->src/main/AndroidManifest.xml:38:9-40:18
51            <action android:name="android.speech.action.RECOGNIZE_SPEECH" />
51-->src/main/AndroidManifest.xml:39:13-77
51-->src/main/AndroidManifest.xml:39:21-74
52        </intent>
53
54        <package android:name="com.whatsapp" />
54-->src/main/AndroidManifest.xml:41:9-48
54-->src/main/AndroidManifest.xml:41:18-45
55        <package android:name="com.imo.android.imoim" />
55-->src/main/AndroidManifest.xml:42:9-57
55-->src/main/AndroidManifest.xml:42:18-54
56    </queries>
57
58    <permission
58-->[androidx.core:core:1.12.0] AndroidManifest.xml:22:5-24:47
59        android:name="com.toco.ai.DYNAMIC_RECEIVER_NOT_EXPORTED_PERMISSION"
59-->[androidx.core:core:1.12.0] AndroidManifest.xml:23:9-81
60        android:protectionLevel="signature" />
60-->[androidx.core:core:1.12.0] AndroidManifest.xml:24:9-44
61
62    <uses-permission android:name="com.toco.ai.DYNAMIC_RECEIVER_NOT_EXPORTED_PERMISSION" />
62-->[androidx.core:core:1.12.0] AndroidManifest.xml:26:5-97
62-->[androidx.core:core:1.12.0] AndroidManifest.xml:26:22-94
63
64    <application
64-->src/main/AndroidManifest.xml:45:5-72:19
65        android:name="com.toco.ai.TocoApp"
65-->src/main/AndroidManifest.xml:46:9-32
66        android:allowBackup="true"
66-->src/main/AndroidManifest.xml:47:9-35
67        android:appComponentFactory="androidx.core.app.CoreComponentFactory"
67-->[androidx.core:core:1.12.0] AndroidManifest.xml:28:18-86
68        android:debuggable="true"
69        android:extractNativeLibs="false"
70        android:icon="@mipmap/ic_launcher"
70-->src/main/AndroidManifest.xml:48:9-43
71        android:label="@string/app_name"
71-->src/main/AndroidManifest.xml:49:9-41
72        android:supportsRtl="true"
72-->src/main/AndroidManifest.xml:50:9-35
73        android:theme="@style/Theme.Toco" >
73-->src/main/AndroidManifest.xml:51:9-42
74        <activity
74-->src/main/AndroidManifest.xml:53:9-61:20
75            android:name="com.toco.ai.ui.splash.SplashActivity"
75-->src/main/AndroidManifest.xml:54:13-53
76            android:exported="true"
76-->src/main/AndroidManifest.xml:55:13-36
77            android:theme="@style/Theme.Toco.Splash" >
77-->src/main/AndroidManifest.xml:56:13-53
78            <intent-filter>
78-->src/main/AndroidManifest.xml:57:13-60:29
79                <action android:name="android.intent.action.MAIN" />
79-->src/main/AndroidManifest.xml:32:13-65
79-->src/main/AndroidManifest.xml:32:21-62
80
81                <category android:name="android.intent.category.LAUNCHER" />
81-->src/main/AndroidManifest.xml:33:13-73
81-->src/main/AndroidManifest.xml:33:23-70
82            </intent-filter>
83        </activity>
84        <activity
84-->src/main/AndroidManifest.xml:63:9-66:58
85            android:name="com.toco.ai.ui.MainActivity"
85-->src/main/AndroidManifest.xml:64:13-44
86            android:exported="false"
86-->src/main/AndroidManifest.xml:65:13-37
87            android:windowSoftInputMode="adjustResize" />
87-->src/main/AndroidManifest.xml:66:13-55
88        <activity
88-->src/main/AndroidManifest.xml:68:9-70:40
89            android:name="com.toco.ai.ui.debug.CrashActivity"
89-->src/main/AndroidManifest.xml:69:13-51
90            android:exported="false" />
90-->src/main/AndroidManifest.xml:70:13-37
91
92        <provider
92-->[androidx.emoji2:emoji2:1.2.0] AndroidManifest.xml:24:9-32:20
93            android:name="androidx.startup.InitializationProvider"
93-->[androidx.emoji2:emoji2:1.2.0] AndroidManifest.xml:25:13-67
94            android:authorities="com.toco.ai.androidx-startup"
94-->[androidx.emoji2:emoji2:1.2.0] AndroidManifest.xml:26:13-68
95            android:exported="false" >
95-->[androidx.emoji2:emoji2:1.2.0] AndroidManifest.xml:27:13-37
96            <meta-data
96-->[androidx.emoji2:emoji2:1.2.0] AndroidManifest.xml:29:13-31:52
97                android:name="androidx.emoji2.text.EmojiCompatInitializer"
97-->[androidx.emoji2:emoji2:1.2.0] AndroidManifest.xml:30:17-75
98                android:value="androidx.startup" />
98-->[androidx.emoji2:emoji2:1.2.0] AndroidManifest.xml:31:17-49
99            <meta-data
99-->[androidx.lifecycle:lifecycle-process:2.6.1] AndroidManifest.xml:29:13-31:52
100                android:name="androidx.lifecycle.ProcessLifecycleInitializer"
100-->[androidx.lifecycle:lifecycle-process:2.6.1] AndroidManifest.xml:30:17-78
101                android:value="androidx.startup" />
101-->[androidx.lifecycle:lifecycle-process:2.6.1] AndroidManifest.xml:31:17-49
102            <meta-data
102-->[androidx.profileinstaller:profileinstaller:1.3.0] AndroidManifest.xml:29:13-31:52
103                android:name="androidx.profileinstaller.ProfileInstallerInitializer"
103-->[androidx.profileinstaller:profileinstaller:1.3.0] AndroidManifest.xml:30:17-85
104                android:value="androidx.startup" />
104-->[androidx.profileinstaller:profileinstaller:1.3.0] AndroidManifest.xml:31:17-49
105        </provider>
106
107        <receiver
107-->[androidx.profileinstaller:profileinstaller:1.3.0] AndroidManifest.xml:34:9-52:20
108            android:name="androidx.profileinstaller.ProfileInstallReceiver"
108-->[androidx.profileinstaller:profileinstaller:1.3.0] AndroidManifest.xml:35:13-76
109            android:directBootAware="false"
109-->[androidx.profileinstaller:profileinstaller:1.3.0] AndroidManifest.xml:36:13-44
110            android:enabled="true"
110-->[androidx.profileinstaller:profileinstaller:1.3.0] AndroidManifest.xml:37:13-35
111            android:exported="true"
111-->[androidx.profileinstaller:profileinstaller:1.3.0] AndroidManifest.xml:38:13-36
112            android:permission="android.permission.DUMP" >
112-->[androidx.profileinstaller:profileinstaller:1.3.0] AndroidManifest.xml:39:13-57
113            <intent-filter>
113-->[androidx.profileinstaller:profileinstaller:1.3.0] AndroidManifest.xml:40:13-42:29
114                <action android:name="androidx.profileinstaller.action.INSTALL_PROFILE" />
114-->[androidx.profileinstaller:profileinstaller:1.3.0] AndroidManifest.xml:41:17-91
114-->[androidx.profileinstaller:profileinstaller:1.3.0] AndroidManifest.xml:41:25-88
115            </intent-filter>
116            <intent-filter>
116-->[androidx.profileinstaller:profileinstaller:1.3.0] AndroidManifest.xml:43:13-45:29
117                <action android:name="androidx.profileinstaller.action.SKIP_FILE" />
117-->[androidx.profileinstaller:profileinstaller:1.3.0] AndroidManifest.xml:44:17-85
117-->[androidx.profileinstaller:profileinstaller:1.3.0] AndroidManifest.xml:44:25-82
118            </intent-filter>
119            <intent-filter>
119-->[androidx.profileinstaller:profileinstaller:1.3.0] AndroidManifest.xml:46:13-48:29
120                <action android:name="androidx.profileinstaller.action.SAVE_PROFILE" />
120-->[androidx.profileinstaller:profileinstaller:1.3.0] AndroidManifest.xml:47:17-88
120-->[androidx.profileinstaller:profileinstaller:1.3.0] AndroidManifest.xml:47:25-85
121            </intent-filter>
122            <intent-filter>
122-->[androidx.profileinstaller:profileinstaller:1.3.0] AndroidManifest.xml:49:13-51:29
123                <action android:name="androidx.profileinstaller.action.BENCHMARK_OPERATION" />
123-->[androidx.profileinstaller:profileinstaller:1.3.0] AndroidManifest.xml:50:17-95
123-->[androidx.profileinstaller:profileinstaller:1.3.0] AndroidManifest.xml:50:25-92
124            </intent-filter>
125        </receiver>
126    </application>
127
128</manifest>